\BOOKMARK [0][-]{chapter.1}{Einleitung}{}
\BOOKMARK [1][-]{section.1.1}{Teil Zwei}{chapter.1}
\BOOKMARK [1][-]{section.1.2}{Teil Zwei}{chapter.1}
\BOOKMARK [0][-]{chapter.2}{Mathematische Ausdr\374cke und Formeln}{}
\BOOKMARK [1][-]{section.2.1}{Matrizen}{chapter.2}
\BOOKMARK [1][-]{section.2.2}{Schreibweisen und Formelsatz}{chapter.2}
\BOOKMARK [2][-]{subsection.2.2.1}{Senkrechte Schreibweise}{section.2.2}
\BOOKMARK [2][-]{subsection.2.2.2}{Kursive Schreibweise}{section.2.2}
\BOOKMARK [2][-]{subsection.2.2.3}{Schreibweise des Index}{section.2.2}
\BOOKMARK [1][-]{section.2.3}{Formelsatz}{chapter.2}
\BOOKMARK [2][-]{subsection.2.3.1}{Formelabst\344nde}{section.2.3}
\BOOKMARK [2][-]{subsection.2.3.2}{Formelbeispiel}{section.2.3}
\BOOKMARK [2][-]{subsection.2.3.3}{Weitere Formeln}{section.2.3}
\BOOKMARK [0][-]{chapter.3}{Grafik und Diverses}{}
\BOOKMARK [1][-]{section.3.1}{Grafiken einbinden}{chapter.3}
\BOOKMARK [2][-]{subsection.3.1.1}{Standard}{section.3.1}
\BOOKMARK [2][-]{subsection.3.1.2}{nebeneinder}{section.3.1}
\BOOKMARK [1][-]{section.3.2}{Diverses}{chapter.3}
\BOOKMARK [2][-]{subsection.3.2.1}{Literaturverweise}{section.3.2}
\BOOKMARK [2][-]{subsection.3.2.2}{Verweise innerhalb des Dokuments}{section.3.2}
\BOOKMARK [2][-]{subsection.3.2.3}{Tabellen}{section.3.2}
\BOOKMARK [0][-]{appendix.A}{Erstellter Programmcode}{}
\BOOKMARK [1][-]{section.A.1}{Matlab-Code}{appendix.A}
\BOOKMARK [0][-]{appendix.B}{Schaltpl\344ne}{}
\BOOKMARK [0][-]{appendix.C}{Tex-Editoren und Distributionen}{}
\BOOKMARK [1][-]{section.C.1}{TeXnicCenter}{appendix.C}
\BOOKMARK [2][-]{subsection.C.1.1}{Ausgabeprofil f\374r diese Vorlage}{section.C.1}
\BOOKMARK [1][-]{section.C.2}{Weitere Editoren/Distributionen}{appendix.C}
\BOOKMARK [0][-]{appendix*.7}{Literaturverzeichnis}{}
