This is pdfeTeX, Version 3.141592-1.30.6-2.2 (MiKTeX 2.5) (preloaded format=pdflatex 2006.11.2)  8 MAY 2007 15:10
entering extended mode
**D:/Programmierung/PPM/visAbsorber/Doku/Vorlage.tex
(D:\Programmierung\PPM\visAbsorber\Doku\Vorlage.tex
LaTeX2e <2005/12/01>
Babel <v3.8g> and hyphenation patterns for english, dumylang, nohyphenation, ge
rman, ngerman, french, loaded.
(MDT-SADA.cls
Document Class: MDT-SADA 2007/01/31 Vorlage fuer TU Berlin MDT Studien- und Dip
lomarbeiten
("d:\Programme\MiKTeX 2.5\tex\latex\koma-script\scrbook.cls"
Document Class: scrbook 2006/07/30 v2.95b KOMA-Script document class (book)
("d:\Programme\MiKTeX 2.5\tex\latex\koma-script\scrkbase.sty"
Package: scrkbase 2006/07/30 v2.95b KOMA-Script package (basics and keyval use)


("d:\Programme\MiKTeX 2.5\tex\latex\koma-script\scrlfile.sty"
Package: scrlfile 2006/03/28 v2.95 KOMA-Script package (loading files)

Package scrlfile, 2006/03/28 v2.95 KOMA-Script package (loading files)
                  Copyright (C) Markus Kohm

) ("d:\Programme\MiKTeX 2.5\tex\latex\graphics\keyval.sty"
Package: keyval 1999/03/16 v1.13 key=value parser (DPC)
\KV@toks@=\toks14
))
Package scrkbase Info: You've used the obsolete option `halfparskip'.
(scrkbase)             \KOMAoptions{parskip=half} will be used instead.
(scrkbase)             You should do this change too on input line 628.

("d:\Programme\MiKTeX 2.5\tex\latex\base\bk11.clo"
File: bk11.clo 2005/09/16 v1.4f Standard LaTeX file (size option)
)
("d:\Programme\MiKTeX 2.5\tex\latex\koma-script\typearea.sty"
Package: typearea 2006/07/30 v2.95b KOMA-Script package (type area)

Package typearea, 2006/07/30 v2.95b KOMA-Script package (type area)
                  Copyright (C) Frank Neukam, 1992-1994
                  Copyright (C) Markus Kohm, 1994-2002

\ta@bcor=\skip41
\ta@div=\count79
\ta@hblk=\skip42
\ta@vblk=\skip43
\ta@temp=\skip44
Package typearea Info: These are the values describing the layout:
(typearea)             DIV  = 13
(typearea)             BCOR = 56.9055pt
(typearea)             \paperwidth      = 597.50793pt
(typearea)              \textwidth      = 415.84805pt
(typearea)              DIV-departure   = -5/100
(typearea)              \evensidemargin = 10.8996pt
(typearea)              \oddsidemargin  = 26.2203pt
(typearea)             \paperheight     = 845.04694pt
(typearea)              \textheight     = 650.20029pt
(typearea)              \topmargin      = -44.6664pt
(typearea)              \headheight     = 17.0pt
(typearea)              \headsep        = 20.40001pt
(typearea)              \topskip        = 11.0pt
(typearea)              \footskip       = 47.60002pt
(typearea)              \baselineskip   = 13.6pt
(typearea)              on input line 832.
)
\c@part=\count80
\c@chapter=\count81
\c@section=\count82
\c@subsection=\count83
\c@subsubsection=\count84
\c@paragraph=\count85
\c@subparagraph=\count86
\abovecaptionskip=\skip45
\belowcaptionskip=\skip46
\c@pti@nb@sid@b@x=\box26
\c@figure=\count87
\c@table=\count88
\bibindent=\dimen102
) ("d:\Programme\MiKTeX 2.5\tex\latex\graphics\graphicx.sty"
Package: graphicx 1999/02/16 v1.0f Enhanced LaTeX Graphics (DPC,SPQR)

("d:\Programme\MiKTeX 2.5\tex\latex\graphics\graphics.sty"
Package: graphics 2006/02/20 v1.0o Standard LaTeX Graphics (DPC,SPQR)

("d:\Programme\MiKTeX 2.5\tex\latex\graphics\trig.sty"
Package: trig 1999/03/16 v1.09 sin cos tan (DPC)
)
("d:\Programme\MiKTeX 2.5\tex\latex\00miktex\graphics.cfg"
File: graphics.cfg 2005/12/29 v1.2 MiKTeX 'graphics' configuration
)
Package graphics Info: Driver file: pdftex.def on input line 90.

("d:\Programme\MiKTeX 2.5\tex\latex\graphics\pdftex.def"
File: pdftex.def 2006/08/14 v0.03t Graphics/color for pdfTeX
\Gread@gobject=\count89
))
\Gin@req@height=\dimen103
\Gin@req@width=\dimen104
)
("d:\Programme\MiKTeX 2.5\tex\latex\hyperref\hyperref.sty"
Package: hyperref 2006/09/06 v6.75e Hypertext links for LaTeX
\@linkdim=\dimen105
\Hy@linkcounter=\count90
\Hy@pagecounter=\count91

("d:\Programme\MiKTeX 2.5\tex\latex\hyperref\pd1enc.def"
File: pd1enc.def 2006/09/06 v6.75e Hyperref: PDFDocEncoding definition (HO)
)
("d:\Programme\MiKTeX 2.5\tex\latex\00miktex\hyperref.cfg"
File: hyperref.cfg 2006/02/14 v1.1 MiKTeX 'hyperref' configuration
)
("d:\Programme\MiKTeX 2.5\tex\latex\oberdiek\kvoptions.sty"
Package: kvoptions 2006/08/22 v2.4 Connects package keyval with LaTeX options (
HO)
)
Package hyperref Info: Option `colorlinks' set `true' on input line 2073.
Package hyperref Info: Option `plainpages' set `false' on input line 2073.
Package hyperref Info: Option `pdfpagelabels' set `true' on input line 2073.
Package hyperref Info: Option `hyperfootnotes' set `false' on input line 2073.
Package hyperref Info: Hyper figures OFF on input line 2123.
Package hyperref Info: Link nesting OFF on input line 2128.
Package hyperref Info: Hyper index ON on input line 2131.
Package hyperref Info: Plain pages OFF on input line 2138.
Package hyperref Info: Backreferencing OFF on input line 2143.

Implicit mode ON; LaTeX internals redefined
Package hyperref Info: Bookmarks ON on input line 2273.
("d:\Programme\MiKTeX 2.5\tex\latex\ltxmisc\url.sty"
\Urlmuskip=\muskip10
Package: url 2005/06/27  ver 3.2  Verb mode for urls, etc.
)
LaTeX Info: Redefining \url on input line 2428.
\Fld@menulength=\count92
\Field@Width=\dimen106
\Fld@charsize=\dimen107
\Choice@toks=\toks15
\Field@toks=\toks16
Package hyperref Info: Hyper figures OFF on input line 2906.
Package hyperref Info: Link nesting OFF on input line 2911.
Package hyperref Info: Hyper index ON on input line 2914.
Package hyperref Info: backreferencing OFF on input line 2921.
Package hyperref Info: Link coloring ON on input line 2924.
\Hy@abspage=\count93
\c@Item=\count94
)
*hyperref using driver hpdftex*
("d:\Programme\MiKTeX 2.5\tex\latex\hyperref\hpdftex.def"
File: hpdftex.def 2006/09/06 v6.75e Hyperref driver for pdfTeX
\Fld@listcount=\count95
)
("d:\Programme\MiKTeX 2.5\tex\latex\lm\lmodern.sty"
Package: lmodern 2005/02/28
)
("d:\Programme\MiKTeX 2.5\tex\latex\base\fontenc.sty"
Package: fontenc 2005/09/27 v1.99g Standard LaTeX package

("d:\Programme\MiKTeX 2.5\tex\latex\base\t1enc.def"
File: t1enc.def 2005/09/27 v1.99g Standard LaTeX file
LaTeX Font Info:    Redeclaring font encoding T1 on input line 43.
))
("d:\Programme\MiKTeX 2.5\tex\latex\psnfss\mathptmx.sty"
Package: mathptmx 2005/04/12 PSNFSS-v9.2a Times w/ Math, improved (SPQR, WaS) 
LaTeX Font Info:    Redeclaring symbol font `operators' on input line 28.
LaTeX Font Info:    Overwriting symbol font `operators' in version `normal'
(Font)                  OT1/cmr/m/n --> OT1/ztmcm/m/n on input line 28.
LaTeX Font Info:    Overwriting symbol font `operators' in version `bold'
(Font)                  OT1/cmr/bx/n --> OT1/ztmcm/m/n on input line 28.
LaTeX Font Info:    Redeclaring symbol font `letters' on input line 29.
LaTeX Font Info:    Overwriting symbol font `letters' in version `normal'
(Font)                  OML/cmm/m/it --> OML/ztmcm/m/it on input line 29.
LaTeX Font Info:    Overwriting symbol font `letters' in version `bold'
(Font)                  OML/cmm/b/it --> OML/ztmcm/m/it on input line 29.
LaTeX Font Info:    Redeclaring symbol font `symbols' on input line 30.
LaTeX Font Info:    Overwriting symbol font `symbols' in version `normal'
(Font)                  OMS/cmsy/m/n --> OMS/ztmcm/m/n on input line 30.
LaTeX Font Info:    Overwriting symbol font `symbols' in version `bold'
(Font)                  OMS/cmsy/b/n --> OMS/ztmcm/m/n on input line 30.
LaTeX Font Info:    Redeclaring symbol font `largesymbols' on input line 31.
LaTeX Font Info:    Overwriting symbol font `largesymbols' in version `normal'
(Font)                  OMX/cmex/m/n --> OMX/ztmcm/m/n on input line 31.
LaTeX Font Info:    Overwriting symbol font `largesymbols' in version `bold'
(Font)                  OMX/cmex/m/n --> OMX/ztmcm/m/n on input line 31.
\symbold=\mathgroup4
\symitalic=\mathgroup5
LaTeX Font Info:    Redeclaring math alphabet \mathbf on input line 34.
LaTeX Font Info:    Overwriting math alphabet `\mathbf' in version `normal'
(Font)                  OT1/cmr/bx/n --> OT1/ptm/bx/n on input line 34.
LaTeX Font Info:    Overwriting math alphabet `\mathbf' in version `bold'
(Font)                  OT1/cmr/bx/n --> OT1/ptm/bx/n on input line 34.
LaTeX Font Info:    Redeclaring math alphabet \mathit on input line 35.
LaTeX Font Info:    Overwriting math alphabet `\mathit' in version `normal'
(Font)                  OT1/cmr/m/it --> OT1/ptm/m/it on input line 35.
LaTeX Font Info:    Overwriting math alphabet `\mathit' in version `bold'
(Font)                  OT1/cmr/bx/it --> OT1/ptm/m/it on input line 35.
LaTeX Info: Redefining \hbar on input line 50.
)
("d:\Programme\MiKTeX 2.5\tex\latex\base\inputenc.sty"
Package: inputenc 2006/05/05 v1.1b Input encoding file
\inpenc@prehook=\toks17
\inpenc@posthook=\toks18

("d:\Programme\MiKTeX 2.5\tex\latex\base\latin1.def"
File: latin1.def 2006/05/05 v1.1b Input encoding file
))
("d:\Programme\MiKTeX 2.5\tex\latex\base\ifthen.sty"
Package: ifthen 2001/05/26 v1.1c Standard LaTeX ifthen package (DPC)
)
("d:\Programme\MiKTeX 2.5\tex\latex\koma-script\scrpage2.sty"
Package: scrpage2 2006/03/29 v2.2c LaTeX2e KOMA-Script package
LaTeX Info: Redefining \pagemark on input line 134.
)
("d:\Programme\MiKTeX 2.5\tex\generic\babel\babel.sty"
Package: babel 2005/05/21 v3.8g The Babel package

*************************************
* Local config file bblopts.cfg used
*
("d:\Programme\MiKTeX 2.5\tex\latex\00miktex\bblopts.cfg"
File: bblopts.cfg 2006/07/31 v1.0 MiKTeX 'babel' configuration
)
("d:\Programme\MiKTeX 2.5\tex\generic\babel\ngermanb.ldf"
Language: ngermanb 2004/02/20 v2.6m new German support from the babel system

("d:\Programme\MiKTeX 2.5\tex\generic\babel\babel.def"
File: babel.def 2005/05/21 v3.8g Babel common definitions
\babel@savecnt=\count96
\U@D=\dimen108
)
\l@naustrian = a dialect from \language\l@ngerman 
Package babel Info: Making " an active character on input line 92.
))
("d:\Programme\MiKTeX 2.5\tex\latex\tools\longtable.sty"
Package: longtable 2004/02/01 v4.11 Multi-page Table package (DPC)
\LTleft=\skip47
\LTright=\skip48
\LTpre=\skip49
\LTpost=\skip50
\LTchunksize=\count97
\LTcapwidth=\dimen109
\LT@head=\box27
\LT@firsthead=\box28
\LT@foot=\box29
\LT@lastfoot=\box30
\LT@cols=\count98
\LT@rows=\count99
\c@LT@tables=\count100
\c@LT@chunks=\count101
\LT@p@ftn=\toks19
)
Class scrbook Info: longtable captions redefined on input line 115.

("d:\Programme\MiKTeX 2.5\tex\latex\caption\caption.sty"
Package: caption 2006/03/21 v3.0j Customising captions (AR)

("d:\Programme\MiKTeX 2.5\tex\latex\caption\caption3.sty"
Package: caption3 2006/03/16 v3.0j caption3 kernel (AR)
\captionmargin=\dimen110
\captionmarginx=\dimen111
\captionwidth=\dimen112
\captionindent=\dimen113
\captionparindent=\dimen114
\captionhangindent=\dimen115
)
Package caption Info: hyperref package v6.74m (or newer) detected on input line
 301.
Package caption Info: longtable package v3.15 (or newer) detected on input line
 356.
)
("d:\Programme\MiKTeX 2.5\tex\latex\setspace\setspace.sty"
Package: setspace 2000/12/01 6.7 Contributed and Supported LaTeX2e package

Package: `setspace' 6.7 <2000/12/01>
) ("d:\Programme\MiKTeX 2.5\tex\latex\base\makeidx.sty"
Package: makeidx 2000/03/29 v1.0m Standard LaTeX package
)
\@indexfile=\write3

Writing index file Vorlage.idx
\c@internal_tbl_cnt=\count102
\FormelTabellenWeite=\skip51
) ("d:\Programme\MiKTeX 2.5\tex\latex\listings\listings.sty"
\lst@mode=\count103
\lst@gtempboxa=\box31
\lst@token=\toks20
\lst@length=\count104
\lst@currlwidth=\dimen116
\lst@column=\count105
\lst@pos=\count106
\lst@lostspace=\dimen117
\lst@width=\dimen118
\lst@newlines=\count107
\lst@lineno=\count108
\c@lstlisting=\count109
\lst@maxwidth=\dimen119

("d:\Programme\MiKTeX 2.5\tex\latex\listings\lstpatch.sty"
File: lstpatch.sty 2004/10/17 1.3b (Carsten Heinz)
)
("d:\Programme\MiKTeX 2.5\tex\latex\listings\lstmisc.sty"
File: lstmisc.sty 2004/09/07 1.3 (Carsten Heinz)
\c@lstnumber=\count110
\lst@skipnumbers=\count111
\lst@framebox=\box32
)
("d:\Programme\MiKTeX 2.5\tex\latex\listings\listings.cfg"
File: listings.cfg 2004/09/05 1.3 listings configuration
))
Package: listings 2004/10/17 1.3b (Carsten Heinz)

("d:\Programme\MiKTeX 2.5\tex\latex\epsf\epsf.sty"
This is `epsf.tex' v2.7.3 <23 July 2005>
\epsffilein=\read1
\epsfframemargin=\dimen120
\epsfframethickness=\dimen121
\epsfrsize=\dimen122
\epsftmp=\dimen123
\epsftsize=\dimen124
\epsfxsize=\dimen125
\epsfysize=\dimen126
\pspoints=\dimen127
) ("d:\Programme\MiKTeX 2.5\tex\latex\graphics\epsfig.sty"
Package: epsfig 1999/02/16 v1.7a (e)psfig emulation (SPQR)
\epsfxsize=\dimen128
\epsfysize=\dimen129
)
("d:\Programme\MiKTeX 2.5\tex\latex\geometry\geometry.sty"
Package: geometry 2002/07/08 v3.2 Page Geometry
\Gm@cnth=\count112
\Gm@cntv=\count113
\c@Gm@tempcnt=\count114
\Gm@bindingoffset=\dimen130
\Gm@wd@mp=\dimen131
\Gm@odd@mp=\dimen132
\Gm@even@mp=\dimen133
\Gm@dimlist=\toks21

("d:\Programme\MiKTeX 2.5\tex\latex\geometry\geometry.cfg")) (Vorlage.aux)
LaTeX Font Info:    Checking defaults for OML/cmm/m/it on input line 42.
LaTeX Font Info:    ... okay on input line 42.
LaTeX Font Info:    Checking defaults for T1/cmr/m/n on input line 42.
LaTeX Font Info:    ... okay on input line 42.
LaTeX Font Info:    Checking defaults for OT1/cmr/m/n on input line 42.
LaTeX Font Info:    ... okay on input line 42.
LaTeX Font Info:    Checking defaults for OMS/cmsy/m/n on input line 42.
LaTeX Font Info:    ... okay on input line 42.
LaTeX Font Info:    Checking defaults for OMX/cmex/m/n on input line 42.
LaTeX Font Info:    ... okay on input line 42.
LaTeX Font Info:    Checking defaults for U/cmr/m/n on input line 42.
LaTeX Font Info:    ... okay on input line 42.
LaTeX Font Info:    Checking defaults for PD1/pdf/m/n on input line 42.
LaTeX Font Info:    ... okay on input line 42.
LaTeX Font Info:    Try loading font information for T1+ptm on input line 42.

("d:\Programme\MiKTeX 2.5\tex\latex\psnfss\t1ptm.fd"
File: t1ptm.fd 2001/06/04 font definitions for T1/ptm.
)
("d:\Programme\MiKTeX 2.5\tex\context\base\supp-pdf.tex"
("d:\Programme\MiKTeX 2.5\tex\context\base\supp-mis.tex"
loading : Context Support Macros / Miscellaneous (2004.10.26)
\protectiondepth=\count115
\scratchcounter=\count116
\scratchtoks=\toks22
\scratchdimen=\dimen134
\scratchskip=\skip52
\scratchmuskip=\muskip11
\scratchbox=\box33
\scratchread=\read2
\scratchwrite=\write4
\zeropoint=\dimen135
\onepoint=\dimen136
\onebasepoint=\dimen137
\minusone=\count117
\thousandpoint=\dimen138
\onerealpoint=\dimen139
\emptytoks=\toks23
\nextbox=\box34
\nextdepth=\dimen140
\everyline=\toks24
\!!counta=\count118
\!!countb=\count119
\recursecounter=\count120
)
loading : Context Support Macros / PDF (2004.03.26)
\nofMPsegments=\count121
\nofMParguments=\count122
\MPscratchCnt=\count123
\MPscratchDim=\dimen141
\MPnumerator=\count124
\everyMPtoPDFconversion=\toks25
) ("d:\Programme\MiKTeX 2.5\tex\latex\graphics\color.sty"
Package: color 2005/11/14 v1.0j Standard LaTeX Color (DPC)

("d:\Programme\MiKTeX 2.5\tex\latex\00miktex\color.cfg"
File: color.cfg 2005/12/29 v1.1 MiKTeX 'color' configuration
)
Package color Info: Driver file: pdftex.def on input line 130.
)
Package hyperref Info: Link coloring ON on input line 42.

("d:\Programme\MiKTeX 2.5\tex\latex\hyperref\nameref.sty"
Package: nameref 2006/08/15 v2.26 Cross-referencing by name of section

("d:\Programme\MiKTeX 2.5\tex\latex\oberdiek\refcount.sty"
Package: refcount 2006/02/20 v3.0 Data extraction from references (HO)
)
\c@section@level=\count125
)
LaTeX Info: Redefining \ref on input line 42.
LaTeX Info: Redefining \pageref on input line 42.
 (Vorlage.out)
(Vorlage.out)
\@outlinefile=\write5
\big@size=\dimen142
 ("d:\Programme\MiKTeX 2.5\tex\latex\ms\ragged2e.sty"
Package: ragged2e 2003/03/25 v2.04 ragged2e Package (MS)

("d:\Programme\MiKTeX 2.5\tex\latex\ms\everysel.sty"
Package: everysel 1999/06/08 v1.03 EverySelectfont Package (MS)
LaTeX Info: Redefining \selectfont on input line 125.
)
\CenteringLeftskip=\skip53
\RaggedLeftLeftskip=\skip54
\RaggedRightLeftskip=\skip55
\CenteringRightskip=\skip56
\RaggedLeftRightskip=\skip57
\RaggedRightRightskip=\skip58
\CenteringParfillskip=\skip59
\RaggedLeftParfillskip=\skip60
\RaggedRightParfillskip=\skip61
\JustifyingParfillskip=\skip62
\CenteringParindent=\skip63
\RaggedLeftParindent=\skip64
\RaggedRightParindent=\skip65
\JustifyingParindent=\skip66
)
Package caption Info: KOMA-Script class detected on input line 42.
Package caption Info: listings package v1.2 (or newer) detected on input line 4
2.
-------------------- Geometry parameters
paper: class default
landscape: --
twocolumn: --
twoside: true
asymmetric: --
h-parts: 71.13188pt, 455.24417pt, 71.13188pt
v-parts: 42.67912pt, 702.78317pt, 99.58464pt
hmarginratio: --
vmarginratio: --
lines: --
heightrounded: --
bindingoffset: 0.0pt
truedimen: --
includehead: --
includefoot: --
includemp: --
driver: pdftex
-------------------- Page layout dimensions and switches
\paperwidth  597.50793pt
\paperheight 845.04694pt
\textwidth  455.24417pt
\textheight 702.78317pt
\oddsidemargin  -1.1381pt
\evensidemargin -1.1381pt
\topmargin  -66.99088pt
\headheight 17.0pt
\headsep    20.40001pt
\footskip   47.60002pt
\marginparwidth 62.37718pt
\marginparsep   12.8401pt
\columnsep  10.0pt
\skip\footins  10.0pt plus 4.0pt minus 2.0pt
\hoffset 0.0pt
\voffset 19.91684pt
\mag 1000
\@twosidetrue \@mparswitchtrue 
(1in=72.27pt, 1cm=28.45pt)
-----------------------

<logos/Institut.pdf, id=51, 983.675pt x 370.38374pt>
File: logos/Institut.pdf Graphic file (type pdf)
 <use logos/Institut.pdf>
<logos/TU-logo_sw.pdf, id=52, 1392.20125pt x 1032.85875pt>
File: logos/TU-logo_sw.pdf Graphic file (type pdf)

<use logos/TU-logo_sw.pdf>
Underfull \hbox (badness 10000) in paragraph at lines 55--55

 []

LaTeX Font Info:    Font shape `T1/ptm/bx/n' in size <10.95> not available
(Font)              Font shape `T1/ptm/b/n' tried instead on input line 55.
LaTeX Font Info:    Font shape `T1/ptm/bx/n' in size <24.88> not available
(Font)              Font shape `T1/ptm/b/n' tried instead on input line 55.
LaTeX Font Info:    Font shape `T1/ptm/bx/n' in size <17.28> not available
(Font)              Font shape `T1/ptm/b/n' tried instead on input line 55.
[1



{psfonts.map} <logos/Institut.pdf> <logos/TU-logo_sw.pdf>]
LaTeX Font Info:    Try loading font information for OT1+ztmcm on input line 61
.

("d:\Programme\MiKTeX 2.5\tex\latex\psnfss\ot1ztmcm.fd"
File: ot1ztmcm.fd 2000/01/03 Fontinst v1.801 font definitions for OT1/ztmcm.
)
LaTeX Font Info:    Try loading font information for OML+ztmcm on input line 61
.

("d:\Programme\MiKTeX 2.5\tex\latex\psnfss\omlztmcm.fd"
File: omlztmcm.fd 2000/01/03 Fontinst v1.801 font definitions for OML/ztmcm.
)
LaTeX Font Info:    Try loading font information for OMS+ztmcm on input line 61
.

("d:\Programme\MiKTeX 2.5\tex\latex\psnfss\omsztmcm.fd"
File: omsztmcm.fd 2000/01/03 Fontinst v1.801 font definitions for OMS/ztmcm.
)
LaTeX Font Info:    Try loading font information for OMX+ztmcm on input line 61
.

("d:\Programme\MiKTeX 2.5\tex\latex\psnfss\omxztmcm.fd"
File: omxztmcm.fd 2000/01/03 Fontinst v1.801 font definitions for OMX/ztmcm.
)
LaTeX Font Info:    Try loading font information for OT1+ptm on input line 61.

("d:\Programme\MiKTeX 2.5\tex\latex\psnfss\ot1ptm.fd"
File: ot1ptm.fd 2001/06/04 font definitions for OT1/ptm.
)
LaTeX Font Info:    Font shape `OT1/ptm/bx/n' in size <10.95> not available
(Font)              Font shape `OT1/ptm/b/n' tried instead on input line 61.
LaTeX Font Info:    Font shape `OT1/ptm/bx/n' in size <8> not available
(Font)              Font shape `OT1/ptm/b/n' tried instead on input line 61.
LaTeX Font Info:    Font shape `OT1/ptm/bx/n' in size <6> not available
(Font)              Font shape `OT1/ptm/b/n' tried instead on input line 61.
File: logos/TU-logo_sw.pdf Graphic file (type pdf)

<use logos/TU-logo_sw.pdf> [2]
LaTeX Font Info:    Try loading font information for T1+lmss on input line 61.
 ("d:\Programme\MiKTeX 2.5\tex\latex\lm\t1lmss.fd"
File: t1lmss.fd 2006/04/24 v1.2 Font defs for Latin Modern
) (Vorlage.toc)
\tf@toc=\write6
File: logos/TU-logo_sw.pdf Graphic file (type pdf)
 <use logos/TU-logo_sw.pdf> [3

]
Overfull \hbox (24.0pt too wide) in alignment at lines 65--67
 [] [] 
 []

File: logos/TU-logo_sw.pdf Graphic file (type pdf)
<use logos/TU-logo_sw.pdf> [4

]
Overfull \hbox (24.0pt too wide) in alignment at lines 71--79
 [] [] 
 []

File: logos/TU-logo_sw.pdf Graphic file (type pdf)
<use logos/TU-logo_sw.pdf> [5


]
File: logos/TU-logo_sw.pdf Graphic file (type pdf)
 <use logos/TU-logo_sw.pdf> [6

]
Kapitel 1.
<Bilder/programm.PNG, id=109, 1167.36125pt x 999.735pt>
File: Bilder/programm.PNG Graphic file (type png)

<use Bilder/programm.PNG>
File: logos/TU-logo_sw.pdf Graphic file (type pdf)
 <use logos/TU-logo_sw.pdf> [1


]
File: logos/TU-logo_sw.pdf Graphic file (type pdf)

<use logos/TU-logo_sw.pdf> [2 <Bilder/programm.PNG (PNG copy)>]
Kapitel 2.
<Bilder/ablauf.pdf, id=126, 540.60239pt x 697.09254pt>
File: Bilder/ablauf.pdf Graphic file (type pdf)
 <use Bilder/ablauf.pdf>
File: logos/TU-logo_sw.pdf Graphic file (type pdf)

<use logos/TU-logo_sw.pdf> [3

]
File: logos/TU-logo_sw.pdf Graphic file (type pdf)
 <use logos/TU-logo_sw.pdf> [4 <Bilder/ablauf.pdf>]
Kapitel 3.
<Bilder/Fehleranalyse_schaubild.pdf, id=143, 395.2372pt x 312.5051pt>
File: Bilder/Fehleranalyse_schaubild.pdf Graphic file (type pdf)

<use Bilder/Fehleranalyse_schaubild.pdf>
<Bilder/Fehleranalyse_Testgebiete.png, id=144, 505.89pt x 326.4195pt>
File: Bilder/Fehleranalyse_Testgebiete.png Graphic file (type png)

<use Bilder/Fehleranalyse_Testgebiete.png>
<Bilder/Fehleranalyse_rela_Fehler.pdf, id=145, 421.58444pt x 307.88727pt>
File: Bilder/Fehleranalyse_rela_Fehler.pdf Graphic file (type pdf)

<use Bilder/Fehleranalyse_rela_Fehler.pdf>
<Bilder/Fehleranalyse_Dauer.pdf, id=146, 420.0765pt x 294.34378pt>
File: Bilder/Fehleranalyse_Dauer.pdf Graphic file (type pdf)

<use Bilder/Fehleranalyse_Dauer.pdf>
<Bilder/fehler_grid10.pdf, id=147, 417.47589pt x 380.33934pt>
File: Bilder/fehler_grid10.pdf Graphic file (type pdf)

<use Bilder/fehler_grid10.pdf>
<Bilder/fehler_grid20.pdf, id=148, 438.55374pt x 393.88855pt>
File: Bilder/fehler_grid20.pdf Graphic file (type pdf)

<use Bilder/fehler_grid20.pdf>
File: logos/TU-logo_sw.pdf Graphic file (type pdf)
 <use logos/TU-logo_sw.pdf> [5

]
File: logos/TU-logo_sw.pdf Graphic file (type pdf)

<use logos/TU-logo_sw.pdf> [6 <Bilder/Fehleranalyse_schaubild.pdf>]
File: logos/TU-logo_sw.pdf Graphic file (type pdf)

<use logos/TU-logo_sw.pdf> [7 <Bilder/Fehleranalyse_Testgebiete.png
Warning:  (file Bilder/Fehleranalyse_Testgebiete.png): large interlaced PNG mig
ht cause out of memory (use non-interlaced PNG to fix this)
> <Bilder/Fehleranalyse_rela_Fehler.pdf>]
File: logos/TU-logo_sw.pdf Graphic file (type pdf)
 <use logos/TU-logo_sw.pdf> [8 <Bilder/Fehleranalyse_Dauer.pdf> <Bilder/fehler_
grid10.pdf>]
File: logos/TU-logo_sw.pdf Graphic file (type pdf)

<use logos/TU-logo_sw.pdf> [9 <Bilder/fehler_grid20.pdf>]
File: logos/TU-logo_sw.pdf Graphic file (type pdf)

<use logos/TU-logo_sw.pdf> [10

]
File: logos/TU-logo_sw.pdf Graphic file (type pdf)
 <use logos/TU-logo_sw.pdf> [11]
File: logos/TU-logo_sw.pdf Graphic file (type pdf)

<use logos/TU-logo_sw.pdf> [12

]
No file Vorlage.ind.
(Vorlage.aux) ) 
Here is how much of TeX's memory you used:
 7462 strings out of 95419
 99364 string characters out of 1187410
 173879 words of memory out of 1172459
 9968 multiletter control sequences out of 60000
 47757 words of font info for 59 fonts, out of 1000000 for 2000
 14 hyphenation exceptions out of 8191
 44i,13n,41p,1638b,394s stack positions out of 5000i,500n,10000p,200000b,32768s
PDF statistics:
 261 PDF objects out of 300000
 50 named destinations out of 300000
 155 words of extra memory for PDF output out of 10000
{8r.enc}<d:/Programme/MiKTeX 2.5/fonts/type1/urw/times/utmri8a.p
fb><d:/Programme/MiKTeX 2.5/fonts/type1/bluesky/cm/cmsy10.pfb><d:/Programme/MiK
TeX 2.5/fonts/type1/urw/symbol/usyr.pfb>{lm-ec.enc}<d:/Programme/MiKTeX 2.5/fon
ts/type1/public/lm/lmssbx10.pfb><d:/Programme/MiKTeX 2.5/fonts/type1/urw/times/
utmr8a.pfb><d:/Programme/MiKTeX 2.5/fonts/type1/urw/times/utmr8a.pfb><d:/Progra
mme/MiKTeX 2.5/fonts/type1/urw/times/utmb8a.pfb>
Output written on Vorlage.pdf (18 pages, 1682161 bytes).
