\BOOKMARK [1][-]{section.1}{Abstract}{}
\BOOKMARK [1][-]{section.2}{Aufgabenstellung}{}
\BOOKMARK [1][-]{section.3}{Formulierung der Kriterien}{}
\BOOKMARK [1][-]{section.4}{Prozessauswahl}{}
\BOOKMARK [2][-]{subsection.4.1}{Wandlung von Wellenenergie}{section.4}
\BOOKMARK [3][-]{subsubsection.4.1.1}{technische Realisation}{subsection.4.1}
\BOOKMARK [3][-]{subsubsection.4.1.2}{Bewertung}{subsection.4.1}
\BOOKMARK [2][-]{subsection.4.2}{Kernfusion}{section.4}
\BOOKMARK [2][-]{subsection.4.3}{Kohle und Biomasse}{section.4}
\BOOKMARK [3][-]{subsubsection.4.3.1}{Verfahren zur Nutzung von Biomasse als Kohlenstofflieferant}{subsection.4.3}
\BOOKMARK [3][-]{subsubsection.4.3.2}{Hydrothermale Karbonisierung}{subsection.4.3}
\BOOKMARK [3][-]{subsubsection.4.3.3}{Umwandlung von Biomasse in Kraftstoffe und Energie}{subsection.4.3}
\BOOKMARK [3][-]{subsubsection.4.3.4}{Bewertung}{subsection.4.3}
\BOOKMARK [2][-]{subsection.4.4}{regenerative Energien}{section.4}
\BOOKMARK [3][-]{subsubsection.4.4.1}{Quellen und Nutzung regenerative Energie}{subsection.4.4}
\BOOKMARK [3][-]{subsubsection.4.4.2}{Erdw\344rme}{subsection.4.4}
\BOOKMARK [3][-]{subsubsection.4.4.3}{Photovoltaik}{subsection.4.4}
\BOOKMARK [3][-]{subsubsection.4.4.4}{Windenergie}{subsection.4.4}
\BOOKMARK [3][-]{subsubsection.4.4.5}{Potentiale der betrachteten Energiesysteme}{subsection.4.4}
\BOOKMARK [3][-]{subsubsection.4.4.6}{Beurteilung der regenerativen Energiesysteme}{subsection.4.4}
\BOOKMARK [1][-]{section*.32}{Literatur}{}
